2024-01-10T15:32:29.888Z 0: 

----------------------------------------------
2024-01-10T15:32:29.893Z 1: Discord starting: {"releaseChannel":"stable","version":"0.0.40"}, modulepath: /home/nils/.config/discord/0.0.40/modules
2024-01-10T15:32:29.897Z 2: ✅ webContents.created web1 ""
2024-01-10T15:32:29.900Z 3: ✅ window.created win1 "discord"
2024-01-10T15:32:30.245Z 4: ✅ webContents.did-finish-load web1
2024-01-10T15:32:36.709Z 5: ✅ webContents.created web2 ""
2024-01-10T15:32:36.713Z 6: ✅ window.created win2 "Discord"
2024-01-10T15:32:38.895Z 7: ✅ webContents.did-finish-load web2
2024-01-10T15:32:38.995Z 8: window.close win1
2024-01-10T15:32:39.145Z 9: webContents.destroyed web1
2024-01-10T15:32:39.148Z 10: window.closed win1
2024-01-10T15:32:47.064Z 11: window.close win2
2024-01-10T15:32:49.968Z 0: 

----------------------------------------------
2024-01-10T15:32:49.975Z 1: Discord starting: {"releaseChannel":"stable","version":"0.0.40"}, modulepath: /home/nils/.config/discord/0.0.40/modules
2024-01-10T15:34:21.889Z 12: window.close win2
2024-01-10T15:37:53.950Z 13: window.close win2
2024-01-10T17:01:47.986Z 0: 

----------------------------------------------
2024-01-10T17:01:47.995Z 1: Discord starting: {"releaseChannel":"stable","version":"0.0.40"}, modulepath: /home/nils/.config/discord/0.0.40/modules
2024-01-10T17:01:47.999Z 2: ✅ webContents.created web1 ""
2024-01-10T17:01:48.002Z 3: ✅ window.created win1 "discord"
2024-01-10T17:01:48.306Z 4: ✅ webContents.did-finish-load web1
2024-01-10T17:01:48.552Z 5: ✅ webContents.created web2 ""
2024-01-10T17:01:48.556Z 6: ✅ window.created win2 "Discord"
2024-01-10T17:01:50.529Z 7: ✅ webContents.did-finish-load web2
2024-01-10T17:01:50.629Z 8: window.close win1
2024-01-10T17:01:50.734Z 9: webContents.destroyed web1
2024-01-10T17:01:50.737Z 10: window.closed win1
2024-01-10T17:02:41.321Z 11: before-quit
2024-01-10T17:02:41.325Z 12: window.close win2
2024-01-10T17:08:50.217Z 0: 

----------------------------------------------
2024-01-10T17:08:50.226Z 1: Discord starting: {"releaseChannel":"stable","version":"0.0.40"}, modulepath: /home/nils/.config/discord/0.0.40/modules
2024-01-10T17:08:50.230Z 2: ✅ webContents.created web1 ""
2024-01-10T17:08:50.233Z 3: ✅ window.created win1 "discord"
2024-01-10T17:08:50.568Z 4: ✅ webContents.did-finish-load web1
2024-01-10T17:08:50.799Z 5: ✅ webContents.created web2 ""
2024-01-10T17:08:50.802Z 6: ✅ window.created win2 "Discord"
2024-01-10T17:08:52.655Z 7: ✅ webContents.did-finish-load web2
2024-01-10T17:08:52.755Z 8: window.close win1
2024-01-10T17:08:52.820Z 9: webContents.destroyed web1
2024-01-10T17:08:52.824Z 10: window.closed win1
2024-01-10T17:15:57.096Z 11: before-quit
2024-01-10T17:16:14.544Z 0: 

----------------------------------------------
2024-01-10T17:16:14.554Z 1: Discord starting: {"releaseChannel":"stable","version":"0.0.40"}, modulepath: /home/nils/.config/discord/0.0.40/modules
2024-01-10T17:16:14.557Z 2: ✅ webContents.created web1 ""
2024-01-10T17:16:14.560Z 3: ✅ window.created win1 "discord"
2024-01-10T17:16:14.811Z 4: ✅ webContents.did-finish-load web1
2024-01-10T17:16:15.374Z 5: ✅ webContents.created web2 ""
2024-01-10T17:16:15.378Z 6: ✅ window.created win2 "Discord"
2024-01-10T17:16:16.663Z 7: ✅ webContents.did-finish-load web2
2024-01-10T17:16:16.763Z 8: window.close win1
2024-01-10T17:16:16.821Z 9: webContents.destroyed web1
2024-01-10T17:16:16.824Z 10: window.closed win1
2024-01-10T17:25:23.495Z 0: 

----------------------------------------------
2024-01-10T17:25:23.504Z 1: Discord starting: {"releaseChannel":"stable","version":"0.0.40"}, modulepath: /home/nils/.config/discord/0.0.40/modules
2024-01-10T17:25:23.508Z 2: ✅ webContents.created web1 ""
2024-01-10T17:25:23.512Z 3: ✅ window.created win1 "discord"
2024-01-10T17:25:23.762Z 4: ✅ webContents.did-finish-load web1
2024-01-10T17:25:24.063Z 5: ✅ webContents.created web2 ""
2024-01-10T17:25:24.066Z 6: ✅ window.created win2 "Discord"
2024-01-10T17:25:25.429Z 7: ✅ webContents.did-finish-load web2
2024-01-10T17:25:25.528Z 8: window.close win1
2024-01-10T17:25:25.554Z 9: webContents.destroyed web1
2024-01-10T17:25:25.558Z 10: window.closed win1
2024-01-10T17:26:47.901Z 11: before-quit
2024-01-13T15:04:23.528Z 0: 

----------------------------------------------
2024-01-13T15:04:23.541Z 1: Discord starting: {"releaseChannel":"stable","version":"0.0.40"}, modulepath: /home/nils/.config/discord/0.0.40/modules
2024-01-13T15:04:23.545Z 2: ✅ webContents.created web1 ""
2024-01-13T15:04:23.550Z 3: ✅ window.created win1 "discord"
2024-01-13T15:04:23.754Z 4: ✅ webContents.did-finish-load web1
2024-01-13T15:04:24.166Z 5: ✅ webContents.created web2 ""
2024-01-13T15:04:24.169Z 6: ✅ window.created win2 "Discord"
2024-01-13T15:04:25.920Z 7: ✅ webContents.did-finish-load web2
2024-01-13T15:04:26.020Z 8: window.close win1
2024-01-13T15:04:26.023Z 9: webContents.destroyed web1
2024-01-13T15:04:26.026Z 10: window.closed win1
2024-01-13T15:53:15.027Z 11: before-quit
2024-01-13T15:54:13.580Z 0: 

----------------------------------------------
2024-01-13T15:54:13.590Z 1: Discord starting: {"releaseChannel":"stable","version":"0.0.40"}, modulepath: /home/nils/.config/discord/0.0.40/modules
2024-01-13T15:54:13.594Z 2: ✅ webContents.created web1 ""
2024-01-13T15:54:13.596Z 3: ✅ window.created win1 "discord"
2024-01-13T15:54:13.786Z 4: ✅ webContents.did-finish-load web1
2024-01-13T15:54:14.261Z 5: ✅ webContents.created web2 ""
2024-01-13T15:54:14.264Z 6: ✅ window.created win2 "Discord"
2024-01-13T15:54:15.802Z 7: ✅ webContents.did-finish-load web2
2024-01-13T15:54:15.901Z 8: window.close win1
2024-01-13T15:54:15.905Z 9: webContents.destroyed web1
2024-01-13T15:54:15.908Z 10: window.closed win1
